This is pdfTeX, Version 3.14159265-2.6-1.40.16 (TeX Live 2015) (preloaded format=pdflatex 2015.5.24)  23 APR 2016 17:30
entering extended mode
 restricted \write18 enabled.
 %&-line parsing enabled.
**"Defining H.tex"
(./Defining H.tex
LaTeX2e <2015/01/01>
Babel <3.9l> and hyphenation patterns for 79 languages loaded.
(/usr/local/texlive/2015/texmf-dist/tex/latex/base/report.cls
Document Class: report 2014/09/29 v1.4h Standard LaTeX document class
(/usr/local/texlive/2015/texmf-dist/tex/latex/base/leqno.clo
File: leqno.clo 2015/03/31 v1.1i Standard LaTeX option (left equation numbers)
)
(/usr/local/texlive/2015/texmf-dist/tex/latex/base/size10.clo
File: size10.clo 2014/09/29 v1.4h Standard LaTeX file (size option)
)
\c@part=\count79
\c@chapter=\count80
\c@section=\count81
\c@subsection=\count82
\c@subsubsection=\count83
\c@paragraph=\count84
\c@subparagraph=\count85
\c@figure=\count86
\c@table=\count87
\abovecaptionskip=\skip41
\belowcaptionskip=\skip42
\bibindent=\dimen102
)
(/usr/local/texlive/2015/texmf-dist/tex/latex/amsfonts/amssymb.sty
Package: amssymb 2013/01/14 v3.01 AMS font symbols

(/usr/local/texlive/2015/texmf-dist/tex/latex/amsfonts/amsfonts.sty
Package: amsfonts 2013/01/14 v3.01 Basic AMSFonts support
\@emptytoks=\toks14
\symAMSa=\mathgroup4
\symAMSb=\mathgroup5
LaTeX Font Info:    Overwriting math alphabet `\mathfrak' in version `bold'
(Font)                  U/euf/m/n --> U/euf/b/n on input line 106.
))
(/usr/local/texlive/2015/texmf-dist/tex/latex/tools/enumerate.sty
Package: enumerate 2014/10/28 v3.00 enumerate extensions (DPC)
\@enLab=\toks15
)
(/usr/local/texlive/2015/texmf-dist/tex/latex/graphics/graphicx.sty
Package: graphicx 2014/10/28 v1.0g Enhanced LaTeX Graphics (DPC,SPQR)

(/usr/local/texlive/2015/texmf-dist/tex/latex/graphics/keyval.sty
Package: keyval 2014/10/28 v1.15 key=value parser (DPC)
\KV@toks@=\toks16
)
(/usr/local/texlive/2015/texmf-dist/tex/latex/graphics/graphics.sty
Package: graphics 2014/10/28 v1.0p Standard LaTeX Graphics (DPC,SPQR)

(/usr/local/texlive/2015/texmf-dist/tex/latex/graphics/trig.sty
Package: trig 1999/03/16 v1.09 sin cos tan (DPC)
)
(/usr/local/texlive/2015/texmf-dist/tex/latex/latexconfig/graphics.cfg
File: graphics.cfg 2010/04/23 v1.9 graphics configuration of TeX Live
)
Package graphics Info: Driver file: pdftex.def on input line 94.

(/usr/local/texlive/2015/texmf-dist/tex/latex/pdftex-def/pdftex.def
File: pdftex.def 2011/05/27 v0.06d Graphics/color for pdfTeX

(/usr/local/texlive/2015/texmf-dist/tex/generic/oberdiek/infwarerr.sty
Package: infwarerr 2010/04/08 v1.3 Providing info/warning/error messages (HO)
)
(/usr/local/texlive/2015/texmf-dist/tex/generic/oberdiek/ltxcmds.sty
Package: ltxcmds 2011/11/09 v1.22 LaTeX kernel commands for general use (HO)
)
\Gread@gobject=\count88
))
\Gin@req@height=\dimen103
\Gin@req@width=\dimen104
)
(/usr/local/texlive/2015/texmf-dist/tex/latex/stmaryrd/stmaryrd.sty
Package: stmaryrd 1994/03/03 St Mary's Road symbol package
\symstmry=\mathgroup6
LaTeX Font Info:    Overwriting symbol font `stmry' in version `bold'
(Font)                  U/stmry/m/n --> U/stmry/b/n on input line 89.
)
(/usr/local/texlive/2015/texmf-dist/tex/latex/oberdiek/colonequals.sty
Package: colonequals 2006/08/01 v1.0 Colon equals symbols (HO)
)
(./Defining H.aux)
\openout1 = `"Defining H.aux"'.

LaTeX Font Info:    Checking defaults for OML/cmm/m/it on input line 110.
LaTeX Font Info:    ... okay on input line 110.
LaTeX Font Info:    Checking defaults for T1/cmr/m/n on input line 110.
LaTeX Font Info:    ... okay on input line 110.
LaTeX Font Info:    Checking defaults for OT1/cmr/m/n on input line 110.
LaTeX Font Info:    ... okay on input line 110.
LaTeX Font Info:    Checking defaults for OMS/cmsy/m/n on input line 110.
LaTeX Font Info:    ... okay on input line 110.
LaTeX Font Info:    Checking defaults for OMX/cmex/m/n on input line 110.
LaTeX Font Info:    ... okay on input line 110.
LaTeX Font Info:    Checking defaults for U/cmr/m/n on input line 110.
LaTeX Font Info:    ... okay on input line 110.

(/usr/local/texlive/2015/texmf-dist/tex/context/base/supp-pdf.mkii
[Loading MPS to PDF converter (version 2006.09.02).]
\scratchcounter=\count89
\scratchdimen=\dimen105
\scratchbox=\box26
\nofMPsegments=\count90
\nofMParguments=\count91
\everyMPshowfont=\toks17
\MPscratchCnt=\count92
\MPscratchDim=\dimen106
\MPnumerator=\count93
\makeMPintoPDFobject=\count94
\everyMPtoPDFconversion=\toks18
) (/usr/local/texlive/2015/texmf-dist/tex/generic/oberdiek/pdftexcmds.sty
Package: pdftexcmds 2011/11/29 v0.20 Utility functions of pdfTeX for LuaTeX (HO
)

(/usr/local/texlive/2015/texmf-dist/tex/generic/oberdiek/ifluatex.sty
Package: ifluatex 2010/03/01 v1.3 Provides the ifluatex switch (HO)
Package ifluatex Info: LuaTeX not detected.
)
(/usr/local/texlive/2015/texmf-dist/tex/generic/oberdiek/ifpdf.sty
Package: ifpdf 2011/01/30 v2.3 Provides the ifpdf switch (HO)
Package ifpdf Info: pdfTeX in PDF mode is detected.
)
Package pdftexcmds Info: LuaTeX not detected.
Package pdftexcmds Info: \pdf@primitive is available.
Package pdftexcmds Info: \pdf@ifprimitive is available.
Package pdftexcmds Info: \pdfdraftmode found.
)
(/usr/local/texlive/2015/texmf-dist/tex/latex/oberdiek/epstopdf-base.sty
Package: epstopdf-base 2010/02/09 v2.5 Base part for package epstopdf

(/usr/local/texlive/2015/texmf-dist/tex/latex/oberdiek/grfext.sty
Package: grfext 2010/08/19 v1.1 Manage graphics extensions (HO)

(/usr/local/texlive/2015/texmf-dist/tex/generic/oberdiek/kvdefinekeys.sty
Package: kvdefinekeys 2011/04/07 v1.3 Define keys (HO)
))
(/usr/local/texlive/2015/texmf-dist/tex/latex/oberdiek/kvoptions.sty
Package: kvoptions 2011/06/30 v3.11 Key value format for package options (HO)

(/usr/local/texlive/2015/texmf-dist/tex/generic/oberdiek/kvsetkeys.sty
Package: kvsetkeys 2012/04/25 v1.16 Key value parser (HO)

(/usr/local/texlive/2015/texmf-dist/tex/generic/oberdiek/etexcmds.sty
Package: etexcmds 2011/02/16 v1.5 Avoid name clashes with e-TeX commands (HO)
Package etexcmds Info: Could not find \expanded.
(etexcmds)             That can mean that you are not using pdfTeX 1.50 or
(etexcmds)             that some package has redefined \expanded.
(etexcmds)             In the latter case, load this package earlier.
)))
Package grfext Info: Graphics extension search list:
(grfext)             [.png,.pdf,.jpg,.mps,.jpeg,.jbig2,.jb2,.PNG,.PDF,.JPG,.JPE
G,.JBIG2,.JB2,.eps]
(grfext)             \AppendGraphicsExtensions on input line 452.

(/usr/local/texlive/2015/texmf-dist/tex/latex/latexconfig/epstopdf-sys.cfg
File: epstopdf-sys.cfg 2010/07/13 v1.3 Configuration of (r)epstopdf for TeX Liv
e
))
LaTeX Font Info:    Try loading font information for U+msa on input line 116.

(/usr/local/texlive/2015/texmf-dist/tex/latex/amsfonts/umsa.fd
File: umsa.fd 2013/01/14 v3.01 AMS symbols A
)
LaTeX Font Info:    Try loading font information for U+msb on input line 116.

(/usr/local/texlive/2015/texmf-dist/tex/latex/amsfonts/umsb.fd
File: umsb.fd 2013/01/14 v3.01 AMS symbols B
)
LaTeX Font Info:    Try loading font information for U+stmry on input line 116.


(/usr/local/texlive/2015/texmf-dist/tex/latex/stmaryrd/Ustmry.fd)
Underfull \hbox (badness 10000) in paragraph at lines 111--117

 []


Underfull \hbox (badness 10000) in paragraph at lines 111--117

 []


Underfull \hbox (badness 10000) in paragraph at lines 111--117

 []

[1

{/usr/local/texlive/2015/texmf-var/fonts/map/pdftex/updmap/pdftex.map}]
Underfull \hbox (badness 10000) in paragraph at lines 165--169

 []


Underfull \hbox (badness 10000) in paragraph at lines 181--184

 []


Underfull \hbox (badness 10000) in paragraph at lines 181--184

 []


Overfull \hbox (149.50438pt too wide) detected at line 212
[]
 []

[2]
Overfull \hbox (71.76857pt too wide) detected at line 240
[]
 []

[3] [4]

LaTeX Font Warning: Font shape `U/stmry/b/n' undefined
(Font)              using `U/stmry/m/n' instead on input line 294.


Overfull \hbox (46.54987pt too wide) detected at line 311
\OT1/cmr/m/n/10 ((\OMS/cmsy/m/n/10 9\OML/cmm/m/it/10 e < q\OT1/cmr/m/n/10 )\OML
/cmm/m/it/10 ^^_\OT1/cmr/m/n/10 (\OML/cmm/m/it/10 u; q; j; e\OT1/cmr/m/n/10 ) \
OMS/cmsy/m/n/10 ^ \OML/cmm/m/it/10 ^^_\OT1/cmr/m/n/10 (\OML/cmm/m/it/10 u; q; j
; a\OT1/cmr/m/n/10 ) \OMS/cmsy/m/n/10 ^ \OT1/cmr/m/n/10 (\OMS/cmsy/m/n/10 8\OML
/cmm/m/it/10 e < a\OT1/cmr/m/n/10 )\OMS/cmsy/m/n/10 :\OML/cmm/m/it/10 ^^_\OT1/c
mr/m/n/10 (\OML/cmm/m/it/10 u; q; j; e\OT1/cmr/m/n/10 )) \OMS/cmsy/m/n/10 _ \OT
1/cmr/m/n/10 ((\OMS/cmsy/m/n/10 8\OML/cmm/m/it/10 e < a\OT1/cmr/m/n/10 )\OMS/cm
sy/m/n/10 :\OML/cmm/m/it/10 ^^_\OT1/cmr/m/n/10 (\OML/cmm/m/it/10 u; q; j; e\OT1
/cmr/m/n/10 ) \OMS/cmsy/m/n/10 ^ \OML/cmm/m/it/10 a \OMS/cmsy/m/n/10 ^^Q \OT1/c
mr/m/n/10 0)\OML/cmm/m/it/10 :
 []

[5]
Underfull \hbox (badness 10000) in paragraph at lines 346--351

 []


Underfull \hbox (badness 10000) in paragraph at lines 361--364

 []

[6] [7]
Underfull \hbox (badness 10000) in paragraph at lines 459--462

 []


Underfull \hbox (badness 10000) in paragraph at lines 467--470

 []

[8] [9]
Overfull \hbox (5.88521pt too wide) detected at line 576
[]
 []


Underfull \hbox (badness 10000) in paragraph at lines 576--580

 []


Overfull \hbox (87.96019pt too wide) detected at line 601
[]
 []

[10]
Overfull \hbox (49.60501pt too wide) detected at line 613
[]
 []


Underfull \hbox (badness 10000) in paragraph at lines 613--617

 []


Overfull \hbox (94.40552pt too wide) detected at line 654
[]
 []

[11]
Underfull \hbox (badness 10000) in paragraph at lines 692--697

 []


Overfull \hbox (30.66187pt too wide) detected at line 705
\OML/cmm/m/it/10 n\OT1/cmr/m/n/10 [\OML/cmm/m/it/10 k\OT1/cmr/m/n/10 ] [] []
 []


Underfull \hbox (badness 10000) in paragraph at lines 705--709

 []

[12]
Overfull \hbox (10.62352pt too wide) detected at line 719
[]
 []

[13]
Overfull \hbox (7.49088pt too wide) detected at line 820
[]
 []

[14] [15]
Overfull \hbox (51.52888pt too wide) detected at line 940
[]
 []

[16]
Underfull \hbox (badness 10000) in paragraph at lines 955--959

 []


Overfull \hbox (27.62434pt too wide) detected at line 966
[]
 []


Overfull \hbox (75.91159pt too wide) detected at line 981
[]
 []

[17]
Underfull \hbox (badness 10000) in paragraph at lines 981--985

 []


Overfull \hbox (79.61673pt too wide) detected at line 1001
[]
 []


Overfull \hbox (16.57245pt too wide) in paragraph at lines 1017--1019
\OT1/cmr/m/n/10 The cor-re-spond-ing func-tion $\OML/cmm/m/it/10 TBnd\OT1/cmr/m
/n/10 (\OML/cmm/m/it/10 m; n\OT1/cmr/m/n/10 )$ re-turns the num-ber en-cod-ing 
$[](\OML/cmm/m/it/10 t; v[]\OT1/cmr/m/n/10 )$
 []

[18]
Overfull \hbox (19.25648pt too wide) in paragraph at lines 1042--1044
\OT1/cmr/m/n/10 The cor-re-spond-ing func-tion $\OML/cmm/m/it/10 FBnd\OT1/cmr/m
/n/10 (\OML/cmm/m/it/10 m; n\OT1/cmr/m/n/10 )$ re-turns the num-ber en-cod-ing 
$[](\OML/cmm/m/it/10 '; v[]\OT1/cmr/m/n/10 )$
 []

[19] [20] [21]
Overfull \hbox (3.19644pt too wide) in paragraph at lines 1187--1198
 [] 
 []

[22]
Underfull \hbox (badness 10000) in paragraph at lines 1245--1248

 []


Underfull \hbox (badness 10000) in paragraph at lines 1253--1256

 []

[23]
Overfull \hbox (0.7083pt too wide) detected at line 1287
\OT1/cmr/m/n/10 (\OML/cmm/m/it/10 '[]\OT1/cmr/m/n/10 (\OML/cmm/m/it/10 u[]\OT1/
cmr/m/n/10 ) \OMS/cmsy/m/n/10 ^ \OML/cmm/m/it/10 ^^Y[]\OT1/cmr/m/n/10 (\OML/cmm
/m/it/10 Last\OT1/cmr/m/n/10 (\OML/cmm/m/it/10 u[]\OT1/cmr/m/n/10 )) \OMS/cmsy/
m/n/10 ^^Q \OT1/cmr/m/n/10 4\OML/cmm/m/it/10 ^^Y\OT1/cmr/m/n/10 (4\OML/cmm/m/it
/10 v[] \OT1/cmr/m/n/10 + 1\OML/cmm/m/it/10 ; v[]\OT1/cmr/m/n/10 ) + 2) \OMS/cm
sy/m/n/10 $ \OML/cmm/m/it/10 '[]\OT1/cmr/m/n/10 (4\OML/cmm/m/it/10 ^^Y\OT1/cmr/
m/n/10 (4\OML/cmm/m/it/10 v[] \OT1/cmr/m/n/10 + 1\OML/cmm/m/it/10 ; v[]\OT1/cmr
/m/n/10 ) + 2\OML/cmm/m/it/10 ; u[]\OT1/cmr/m/n/10 )
 []


Underfull \hbox (badness 10000) in paragraph at lines 1287--1291

 []


Overfull \hbox (157.75697pt too wide) detected at line 1321
[]
 []

[24]
Underfull \hbox (badness 10000) in paragraph at lines 1336--1341

 []


Overfull \hbox (128.27774pt too wide) detected at line 1359
[]
 []

[25] [26] (./Defining H.aux)

LaTeX Font Warning: Some font shapes were not available, defaults substituted.

 ) 
Here is how much of TeX's memory you used:
 2112 strings out of 493089
 28216 string characters out of 6134842
 93267 words of memory out of 5000000
 5560 multiletter control sequences out of 15000+600000
 13164 words of font info for 51 fonts, out of 8000000 for 9000
 1141 hyphenation exceptions out of 8191
 37i,14n,26p,559b,298s stack positions out of 5000i,500n,10000p,200000b,80000s
</usr/local/texlive/2015/texmf-dist/fonts/type1/public/amsfonts/cmextra/cmbsy
7.pfb></usr/local/texlive/2015/texmf-dist/fonts/type1/public/amsfonts/cm/cmbx10
.pfb></usr/local/texlive/2015/texmf-dist/fonts/type1/public/amsfonts/cm/cmbx7.p
fb></usr/local/texlive/2015/texmf-dist/fonts/type1/public/amsfonts/cm/cmcsc10.p
fb></usr/local/texlive/2015/texmf-dist/fonts/type1/public/amsfonts/cm/cmex10.pf
b></usr/local/texlive/2015/texmf-dist/fonts/type1/public/amsfonts/cm/cmmi10.pfb
></usr/local/texlive/2015/texmf-dist/fonts/type1/public/amsfonts/cm/cmmi5.pfb><
/usr/local/texlive/2015/texmf-dist/fonts/type1/public/amsfonts/cm/cmmi7.pfb></u
sr/local/texlive/2015/texmf-dist/fonts/type1/public/amsfonts/cm/cmmi8.pfb></usr
/local/texlive/2015/texmf-dist/fonts/type1/public/amsfonts/cm/cmmib10.pfb></usr
/local/texlive/2015/texmf-dist/fonts/type1/public/amsfonts/cmextra/cmmib7.pfb><
/usr/local/texlive/2015/texmf-dist/fonts/type1/public/amsfonts/cm/cmr10.pfb></u
sr/local/texlive/2015/texmf-dist/fonts/type1/public/amsfonts/cm/cmr5.pfb></usr/
local/texlive/2015/texmf-dist/fonts/type1/public/amsfonts/cm/cmr6.pfb></usr/loc
al/texlive/2015/texmf-dist/fonts/type1/public/amsfonts/cm/cmr7.pfb></usr/local/
texlive/2015/texmf-dist/fonts/type1/public/amsfonts/cm/cmr8.pfb></usr/local/tex
live/2015/texmf-dist/fonts/type1/public/amsfonts/cm/cmsy10.pfb></usr/local/texl
ive/2015/texmf-dist/fonts/type1/public/amsfonts/cm/cmsy5.pfb></usr/local/texliv
e/2015/texmf-dist/fonts/type1/public/amsfonts/cm/cmsy7.pfb></usr/local/texlive/
2015/texmf-dist/fonts/type1/public/amsfonts/cm/cmsy8.pfb></usr/local/texlive/20
15/texmf-dist/fonts/type1/public/amsfonts/cm/cmti10.pfb></usr/local/texlive/201
5/texmf-dist/fonts/type1/public/amsfonts/symbols/msbm10.pfb></usr/local/texlive
/2015/texmf-dist/fonts/type1/public/stmaryrd/stmary10.pfb>
Output written on "Defining H.pdf" (26 pages, 295594 bytes).
PDF statistics:
 181 PDF objects out of 1000 (max. 8388607)
 128 compressed objects within 2 object streams
 0 named destinations out of 1000 (max. 500000)
 1 words of extra memory for PDF output out of 10000 (max. 10000000)

